<?xml version="1.0" encoding="UTF-8"?>
<testsuite xmlns:xsi="http://www.w3.org/2001/XMLSchema-instance" xsi:noNamespaceSchemaLocation="https://maven.apache.org/surefire/maven-surefire-plugin/xsd/surefire-test-report-3.0.xsd" version="3.0" name="com.glo.productservice.ProductServiceApplicationTests" time="17.168" tests="1" errors="0" skipped="0" failures="0">
  <properties>
[...]
</properties>
  <testcase name="shouldCreateProduct" classname="com.glo.productservice.ProductServiceApplicationTests" time="2.081">
    <system-out><![CDATA[18:38:08.736 [main] INFO org.testcontainers.images.PullPolicy -- Image pull policy will be performed by: DefaultPullPolicy()
18:38:08.747 [main] INFO org.testcontainers.utility.ImageNameSubstitutor -- Image name substitution will be performed by: DefaultImageNameSubstitutor (composite of 'ConfigurationFileImageNameSubstitutor' and 'PrefixingImageNameSubstitutor')
18:38:09.361 [main] INFO org.testcontainers.dockerclient.DockerClientProviderStrategy -- Loaded org.testcontainers.dockerclient.NpipeSocketClientProviderStrategy from ~/.testcontainers.properties, will try it first
18:38:09.886 [main] INFO org.testcontainers.dockerclient.DockerClientProviderStrategy -- Found Docker environment with local Npipe socket (npipe:////./pipe/docker_engine)
18:38:09.889 [main] INFO org.testcontainers.DockerClientFactory -- Docker host IP address is localhost
18:38:09.912 [main] INFO org.testcontainers.DockerClientFactory -- Connected to docker: 
  Server Version: 26.1.1
  API Version: 1.45
  Operating System: Docker Desktop
  Total Memory: 3806 MB
18:38:09.956 [main] INFO tc.testcontainers/ryuk:0.7.0 -- Creating container for image: testcontainers/ryuk:0.7.0
18:38:11.978 [main] INFO tc.testcontainers/ryuk:0.7.0 -- Container testcontainers/ryuk:0.7.0 is starting: e0df8cbf157259dac143a3314eec67f1e94676b9667d7beef77afbba9f15b84d
18:38:14.884 [main] INFO tc.testcontainers/ryuk:0.7.0 -- Container testcontainers/ryuk:0.7.0 started in PT4.9277918S
18:38:14.909 [main] INFO org.testcontainers.utility.RyukResourceReaper -- Ryuk started - will monitor and terminate Testcontainers containers on JVM exit
18:38:14.909 [main] INFO org.testcontainers.DockerClientFactory -- Checking the system...
18:38:14.910 [main] INFO org.testcontainers.DockerClientFactory -- ?? Docker server version should be at least 1.6.0
18:38:14.911 [main] INFO tc.mongo:4.4.2 -- Creating container for image: mongo:4.4.2
18:38:15.070 [main] INFO tc.mongo:4.4.2 -- Container mongo:4.4.2 is starting: 18c9ca176f687e79faf5298db9b5fa7319d34ef0a74f1bb3cd317cd32a41a7ca
18:38:16.662 [main] INFO tc.mongo:4.4.2 -- Container mongo:4.4.2 started in PT1.7506061S
  .   ____          _            __ _ _
 /\\ / ___'_ __ _ _(_)_ __  __ _ \ \ \ \
( ( )\___ | '_ | '_| | '_ \/ _` | \ \ \ \
 \\/  ___)| |_)| | | | | || (_| |  ) ) ) )
  '  |____| .__|_| |_|_| |_\__, | / / / /
 =========|_|==============|___/=/_/_/_/

 :: Spring Boot ::                (v3.3.0)

2024-06-19T18:38:18.288+05:30  INFO 15584 --- [product-service] [           main] c.g.p.ProductServiceApplicationTests     : Starting ProductServiceApplicationTests using Java 17.0.10 with PID 15584 (started by lenovo in C:\Users\lenovo\Desktop\microservices-new\product-service)
2024-06-19T18:38:18.292+05:30  INFO 15584 --- [product-service] [           main] c.g.p.ProductServiceApplicationTests     : No active profile set, falling back to 1 default profile: "default"
2024-06-19T18:38:19.792+05:30  INFO 15584 --- [product-service] [           main] .s.d.r.c.RepositoryConfigurationDelegate : Bootstrapping Spring Data MongoDB repositories in DEFAULT mode.
2024-06-19T18:38:19.897+05:30  INFO 15584 --- [product-service] [           main] .s.d.r.c.RepositoryConfigurationDelegate : Finished Spring Data repository scanning in 98 ms. Found 1 MongoDB repository interface.
2024-06-19T18:38:20.795+05:30  INFO 15584 --- [product-service] [           main] org.mongodb.driver.client                : MongoClient with metadata {"driver": {"name": "mongo-java-driver|sync|spring-boot", "version": "5.0.1"}, "os": {"type": "Windows", "name": "Windows 10", "architecture": "amd64", "version": "10.0"}, "platform": "Java/Eclipse Adoptium/17.0.10+7"} created with settings MongoClientSettings{readPreference=primary, writeConcern=WriteConcern{w=null, wTimeout=null ms, journal=null}, retryWrites=true, retryReads=true, readConcern=ReadConcern{level=null}, credential=null, transportSettings=null, commandListeners=[], codecRegistry=ProvidersCodecRegistry{codecProviders=[ValueCodecProvider{}, BsonValueCodecProvider{}, DBRefCodecProvider{}, DBObjectCodecProvider{}, DocumentCodecProvider{}, CollectionCodecProvider{}, IterableCodecProvider{}, MapCodecProvider{}, GeoJsonCodecProvider{}, GridFSFileCodecProvider{}, Jsr310CodecProvider{}, JsonObjectCodecProvider{}, BsonCodecProvider{}, EnumCodecProvider{}, com.mongodb.client.model.mql.ExpressionCodecProvider@2bc16fe2, com.mongodb.Jep395RecordCodecProvider@d66502, com.mongodb.KotlinCodecProvider@78545d40]}, loggerSettings=LoggerSettings{maxDocumentLength=1000}, clusterSettings={hosts=[localhost:54043], srvServiceName=mongodb, mode=SINGLE, requiredClusterType=UNKNOWN, requiredReplicaSetName='null', serverSelector='null', clusterListeners='[]', serverSelectionTimeout='30000 ms', localThreshold='15 ms'}, socketSettings=SocketSettings{connectTimeoutMS=10000, readTimeoutMS=0, receiveBufferSize=0, proxySettings=ProxySettings{host=null, port=null, username=null, password=null}}, heartbeatSocketSettings=SocketSettings{connectTimeoutMS=10000, readTimeoutMS=10000, receiveBufferSize=0, proxySettings=ProxySettings{host=null, port=null, username=null, password=null}}, connectionPoolSettings=ConnectionPoolSettings{maxSize=100, minSize=0, maxWaitTimeMS=120000, maxConnectionLifeTimeMS=0, maxConnectionIdleTimeMS=0, maintenanceInitialDelayMS=0, maintenanceFrequencyMS=60000, connectionPoolListeners=[], maxConnecting=2}, serverSettings=ServerSettings{heartbeatFrequencyMS=10000, minHeartbeatFrequencyMS=500, serverListeners='[]', serverMonitorListeners='[]'}, sslSettings=SslSettings{enabled=false, invalidHostNameAllowed=false, context=null}, applicationName='null', compressorList=[], uuidRepresentation=JAVA_LEGACY, serverApi=null, autoEncryptionSettings=null, dnsClient=null, inetAddressResolver=null, contextProvider=null}
2024-06-19T18:38:20.825+05:30  INFO 15584 --- [product-service] [localhost:54043] org.mongodb.driver.cluster               : Monitor thread successfully connected to server with description ServerDescription{address=localhost:54043, type=REPLICA_SET_PRIMARY, state=CONNECTED, ok=true, minWireVersion=0, maxWireVersion=9, maxDocumentSize=16777216, logicalSessionTimeoutMinutes=30, roundTripTimeNanos=49730600, setName='docker-rs', canonicalAddress=18c9ca176f68:27017, hosts=[18c9ca176f68:27017], passives=[], arbiters=[], primary='18c9ca176f68:27017', tagSet=TagSet{[]}, electionId=7fffffff0000000000000001, setVersion=1, topologyVersion=TopologyVersion{processId=6672d840761487e0df390247, counter=6}, lastWriteDate=Wed Jun 19 18:38:17 IST 2024, lastUpdateTimeNanos=368435130743900}
2024-06-19T18:38:22.168+05:30  INFO 15584 --- [product-service] [           main] o.s.b.t.m.w.SpringBootMockServletContext : Initializing Spring TestDispatcherServlet ''
2024-06-19T18:38:22.169+05:30  INFO 15584 --- [product-service] [           main] o.s.t.web.servlet.TestDispatcherServlet  : Initializing Servlet ''
2024-06-19T18:38:22.172+05:30  INFO 15584 --- [product-service] [           main] o.s.t.web.servlet.TestDispatcherServlet  : Completed initialization in 1 ms
2024-06-19T18:38:22.219+05:30  INFO 15584 --- [product-service] [           main] c.g.p.ProductServiceApplicationTests     : Started ProductServiceApplicationTests in 4.425 seconds (process running for 15.856)
2024-06-19T18:38:24.219+05:30  INFO 15584 --- [product-service] [           main] c.g.p.service.ProductService             : Product 6672d8483db6287a017d7c98 is saved
]]></system-out>
  </testcase>
</testsuite>